<?xml version="1.0" encoding="UTF-8"?>
<!-- Generated by org.testng.reporters.JUnitXMLReporter -->
<testsuite ignored="0" hostname="DESKTOP-E771N59" failures="0" tests="3" name="StoreTest" time="11.606" errors="0" timestamp="2025-03-19T15:25:02 IST">
  <testcase classname="api.test.StoreTests2" name="testPostOrder" time="5.39"/>
  <testcase classname="api.test.StoreTests2" name="testGetOrderById" time="2.519"/>
  <testcase classname="api.test.StoreTests2" name="testDeleteOrderById" time="2.649"/>
</testsuite> <!-- StoreTest -->
