<?xml version="1.0" encoding="UTF-8"?>
<!-- Generated by org.testng.reporters.JUnitXMLReporter -->
<testsuite ignored="0" hostname="DESKTOP-E771N59" failures="0" tests="3" name="StoreTest" time="11.655" errors="0" timestamp="2025-03-20T12:07:27 IST">
  <testcase classname="api.test.StoreTests2" name="testPostOrder" time="6.15"/>
  <testcase classname="api.test.StoreTests2" name="testGetOrderById" time="1.58"/>
  <testcase classname="api.test.StoreTests2" name="testDeleteOrderById" time="2.403"/>
</testsuite> <!-- StoreTest -->
