<?xml version="1.0" encoding="UTF-8"?>
<!-- Generated by org.testng.reporters.JUnitXMLReporter -->
<testsuite ignored="4" hostname="DESKTOP-E771N59" failures="4" tests="13" name="Surefire test" time="33.637" errors="0" timestamp="2025-03-19T15:39:08 IST">
  <testcase classname="api.test.DDStoreTests" name="testPostUser" time="4.461"/>
  <testcase classname="api.test.DDStoreTests" name="testPostUser" time="1.539"/>
  <testcase classname="api.test.DDStoreTests" name="testPostUser" time="1.929"/>
  <testcase classname="api.test.DDStoreTests" name="testDeleteOrderByOrderId" time="1.646"/>
  <testcase classname="api.test.DDStoreTests" name="testDeleteOrderByOrderId" time="1.633"/>
  <testcase classname="api.test.DDStoreTests" name="testDeleteOrderByOrderId" time="1.971"/>
  <testcase classname="api.test.DDUserTests" name="testPostUser" time="0.484">
    <failure type="org.testng.internal.reflect.MethodMatcherException" message="
[public void api.test.DDUserTests.testPostUser(java.lang.String,java.lang.String,java.lang.String,java.lang.String,java.lang.String,java.lang.String,java.lang.String)] has no parameters defined but was found to be using a data provider (either explicitly specified or inherited from class level annotation).
Data provider mismatch
Method: testPostUser([java.lang.String arg0, java.lang.String arg1, java.lang.String arg2, java.lang.String arg3, java.lang.String arg4, java.lang.String arg5, java.lang.String arg6])
Arguments: [(java.lang.String) 1,(java.lang.String) 6,(java.lang.String) 5,(java.lang.String) 2025-03-19T06:43:17.865Z,(java.lang.String) not placed,(java.lang.String) FALSE]">
      <![CDATA[org.testng.internal.reflect.MethodMatcherException: 
[public void api.test.DDUserTests.testPostUser(java.lang.String,java.lang.String,java.lang.String,java.lang.String,java.lang.String,java.lang.String,java.lang.String)] has no parameters defined but was found to be using a data provider (either explicitly specified or inherited from class level annotation).
Data provider mismatch
Method: testPostUser([java.lang.String arg0, java.lang.String arg1, java.lang.String arg2, java.lang.String arg3, java.lang.String arg4, java.lang.String arg5, java.lang.String arg6])
Arguments: [(java.lang.String) 1,(java.lang.String) 6,(java.lang.String) 5,(java.lang.String) 2025-03-19T06:43:17.865Z,(java.lang.String) not placed,(java.lang.String) FALSE]
at java.base/java.util.ArrayList.forEach(ArrayList.java:1596)
... Removed 27 stack frames]]>
    </failure>
  </testcase> <!-- testPostUser -->
  <testcase classname="api.test.DDUserTests" name="testDeleteUserByName" time="1.59">
    <failure type="java.lang.AssertionError" message="expected [200] but found [404]">
      <![CDATA[java.lang.AssertionError: expected [200] but found [404]
at api.test.DDUserTests.testDeleteUserByName(DDUserTests.java:36)
at java.base/java.util.ArrayList.forEach(ArrayList.java:1596)
... Removed 37 stack frames]]>
    </failure>
  </testcase> <!-- testDeleteUserByName -->
  <testcase classname="api.test.DDUserTests" name="testDeleteUserByName" time="2.362">
    <failure type="java.lang.AssertionError" message="expected [200] but found [404]">
      <![CDATA[java.lang.AssertionError: expected [200] but found [404]
at api.test.DDUserTests.testDeleteUserByName(DDUserTests.java:36)
at java.base/java.util.ArrayList.forEach(ArrayList.java:1596)
... Removed 37 stack frames]]>
    </failure>
  </testcase> <!-- testDeleteUserByName -->
  <testcase classname="api.test.DDUserTests" name="testDeleteUserByName" time="2.897">
    <failure type="java.lang.AssertionError" message="expected [200] but found [404]">
      <![CDATA[java.lang.AssertionError: expected [200] but found [404]
at api.test.DDUserTests.testDeleteUserByName(DDUserTests.java:36)
at java.base/java.util.ArrayList.forEach(ArrayList.java:1596)
... Removed 37 stack frames]]>
    </failure>
  </testcase> <!-- testDeleteUserByName -->
  <testcase classname="api.test.StoreTests" name="testPostOrder" time="4.429"/>
  <testcase classname="api.test.StoreTests" name="testGetOrderById" time="3.305"/>
  <testcase classname="api.test.StoreTests" name="testDeleteOrderById" time="2.384"/>
  <testcase classname="api.test.UserTests" name="testDeleteUserByName" time="0.0">
    <ignored/>
  </testcase> <!-- testDeleteUserByName -->
  <testcase classname="api.test.UserTests" name="testPostUser" time="0.0">
    <ignored/>
  </testcase> <!-- testPostUser -->
  <testcase classname="api.test.UserTests" name="testGetUserByName" time="0.0">
    <ignored/>
  </testcase> <!-- testGetUserByName -->
  <testcase classname="api.test.UserTests" name="testUpdateUserByName" time="0.0">
    <ignored/>
  </testcase> <!-- testUpdateUserByName -->
</testsuite> <!-- Surefire test -->
