<?xml version="1.0" encoding="UTF-8"?>
<!-- Generated by org.testng.reporters.JUnitXMLReporter -->
<testsuite ignored="0" hostname="DESKTOP-E771N59" failures="0" tests="3" name="Default test" time="10.339" errors="0" timestamp="2025-03-19T15:16:17 IST">
  <testcase classname="api.test.StoreTests" name="testPostOrder" time="4.569"/>
  <testcase classname="api.test.StoreTests" name="testGetOrderById" time="2.526"/>
  <testcase classname="api.test.StoreTests" name="testDeleteOrderById" time="2.445"/>
</testsuite> <!-- Default test -->
