<?xml version="1.0" encoding="UTF-8"?>
<testng-results ignored="0" total="3" passed="3" failed="0" skipped="0">
  <reporter-output>
  </reporter-output>
  <suite started-at="2025-03-20T15:45:42 IST" name="StoreSuite" finished-at="2025-03-20T15:45:54 IST" duration-ms="11672">
    <groups>
    </groups>
    <test started-at="2025-03-20T15:45:42 IST" name="StoreTest" finished-at="2025-03-20T15:45:54 IST" duration-ms="11672">
      <class name="api.test.StoreTests2">
        <test-method is-config="true" signature="setUp()[pri:0, instance:api.test.StoreTests2@8f4ea7c]" started-at="2025-03-20T15:45:43 IST" name="setUp" finished-at="2025-03-20T15:45:43 IST" duration-ms="708" status="PASS">
          <reporter-output>
          </reporter-output>
        </test-method> <!-- setUp -->
        <test-method signature="testPostOrder()[pri:1, instance:api.test.StoreTests2@8f4ea7c]" started-at="2025-03-20T15:45:43 IST" name="testPostOrder" finished-at="2025-03-20T15:45:49 IST" duration-ms="5379" status="PASS">
          <reporter-output>
          </reporter-output>
        </test-method> <!-- testPostOrder -->
        <test-method signature="testGetOrderById()[pri:2, instance:api.test.StoreTests2@8f4ea7c]" started-at="2025-03-20T15:45:49 IST" name="testGetOrderById" finished-at="2025-03-20T15:45:52 IST" duration-ms="2830" status="PASS">
          <reporter-output>
          </reporter-output>
        </test-method> <!-- testGetOrderById -->
        <test-method signature="testDeleteOrderById()[pri:3, instance:api.test.StoreTests2@8f4ea7c]" started-at="2025-03-20T15:45:52 IST" name="testDeleteOrderById" finished-at="2025-03-20T15:45:54 IST" duration-ms="2375" status="PASS">
          <reporter-output>
          </reporter-output>
        </test-method> <!-- testDeleteOrderById -->
      </class> <!-- api.test.StoreTests2 -->
    </test> <!-- StoreTest -->
  </suite> <!-- StoreSuite -->
</testng-results>
