<?xml version="1.0" encoding="UTF-8"?>
<testng-results ignored="0" total="3" passed="3" failed="0" skipped="0">
  <reporter-output>
  </reporter-output>
  <suite started-at="2025-03-20T12:07:14 IST" name="StoreSuite" finished-at="2025-03-20T12:07:26 IST" duration-ms="11655">
    <groups>
    </groups>
    <test started-at="2025-03-20T12:07:14 IST" name="StoreTest" finished-at="2025-03-20T12:07:26 IST" duration-ms="11655">
      <class name="api.test.StoreTests2">
        <test-method is-config="true" signature="setUp()[pri:0, instance:api.test.StoreTests2@8f4ea7c]" started-at="2025-03-20T12:07:15 IST" name="setUp" finished-at="2025-03-20T12:07:16 IST" duration-ms="1083" status="PASS">
          <reporter-output>
          </reporter-output>
        </test-method> <!-- setUp -->
        <test-method signature="testPostOrder()[pri:1, instance:api.test.StoreTests2@8f4ea7c]" started-at="2025-03-20T12:07:16 IST" name="testPostOrder" finished-at="2025-03-20T12:07:22 IST" duration-ms="6150" status="PASS">
          <reporter-output>
          </reporter-output>
        </test-method> <!-- testPostOrder -->
        <test-method signature="testGetOrderById()[pri:2, instance:api.test.StoreTests2@8f4ea7c]" started-at="2025-03-20T12:07:22 IST" name="testGetOrderById" finished-at="2025-03-20T12:07:24 IST" duration-ms="1580" status="PASS">
          <reporter-output>
          </reporter-output>
        </test-method> <!-- testGetOrderById -->
        <test-method signature="testDeleteOrderById()[pri:3, instance:api.test.StoreTests2@8f4ea7c]" started-at="2025-03-20T12:07:24 IST" name="testDeleteOrderById" finished-at="2025-03-20T12:07:26 IST" duration-ms="2403" status="PASS">
          <reporter-output>
          </reporter-output>
        </test-method> <!-- testDeleteOrderById -->
      </class> <!-- api.test.StoreTests2 -->
    </test> <!-- StoreTest -->
  </suite> <!-- StoreSuite -->
</testng-results>
